# JRE version: OpenJDK Runtime Environment Temurin-21.0.9+10 (21.0.9+10) (build 21.0.9+10-LTS)
# Java VM: OpenJDK 64-Bit Server VM Temurin-21.0.9+10 (21.0.9+10-LTS, mixed mode, sharing, tiered, compressed oops, compressed class ptrs, parallel gc, windows-amd64)
GC Precious Log:
 CardTable entry size: 512
 CPUs: 8 total, 8 available
 Memory: 7886M
 Large Page Support: Disabled
 NUMA Support: Disabled
 Compressed Oops: Enabled (32-bit)
 Alignments: Space 512K, Generation 512K, Heap 2M
 Heap Min Capacity: 100M
 Heap Initial Capacity: 100M
 Heap Max Capacity: 2G
 Pre-touch: Disabled
 Parallel Workers: 8
Heap:
 PSYoungGen      total 16896K, used 4128K [0x00000000d5580000, 0x00000000d7300000, 0x0000000100000000)
  eden space 14336K, 14% used [0x00000000d5580000,0x00000000d5778288,0x00000000d6380000)
  from space 2560K, 82% used [0x00000000d7080000,0x00000000d7290000,0x00000000d7300000)
  to   space 6144K, 0% used [0x00000000d6700000,0x00000000d6700000,0x00000000d6d00000)
 ParOldGen       total 229888K, used 229412K [0x0000000080000000, 0x000000008e080000, 0x00000000d5580000)
  object space 229888K, 99% used [0x0000000080000000,0x000000008e009030,0x000000008e080000)
 Metaspace       used 73618K, committed 75008K, reserved 1179648K
  class space    used 8366K, committed 8960K, reserved 1048576K
GC Heap History (20 events):
Event: 1665.773 GC heap before
{Heap before GC invocations=56 (full 3):
 PSYoungGen      total 22016K, used 21831K [0x00000000d5580000, 0x00000000d6e00000, 0x0000000100000000)
  eden space 19968K, 100% used [0x00000000d5580000,0x00000000d6900000,0x00000000d6900000)
  from space 2048K, 90% used [0x00000000d6c00000,0x00000000d6dd1de0,0x00000000d6e00000)
  to   space 2048K, 0% used [0x00000000d6a00000,0x00000000d6a00000,0x00000000d6c00000)
 ParOldGen       total 94208K, used 93795K [0x0000000080000000, 0x0000000085c00000, 0x00000000d5580000)
  object space 94208K, 99% used [0x0000000080000000,0x0000000085b98c78,0x0000000085c00000)
 Metaspace       used 73159K, committed 74560K, reserved 1179648K
  class space    used 8355K, committed 8960K, reserved 1048576K
}
Event: 1665.787 GC heap after
{Heap after GC invocations=56 (full 3):
 PSYoungGen      total 22016K, used 2048K [0x00000000d5580000, 0x00000000d9a00000, 0x0000000100000000)
  eden space 19968K, 0% used [0x00000000d5580000,0x00000000d5580000,0x00000000d6900000)
  from space 2048K, 100% used [0x00000000d6a00000,0x00000000d6c00000,0x00000000d6c00000)
  to   space 25088K, 0% used [0x00000000d8180000,0x00000000d8180000,0x00000000d9a00000)
 ParOldGen       total 113664K, used 113334K [0x0000000080000000, 0x0000000086f00000, 0x00000000d5580000)
  object space 113664K, 99% used [0x0000000080000000,0x0000000086eadac0,0x0000000086f00000)
 Metaspace       used 73159K, committed 74560K, reserved 1179648K
  class space    used 8355K, committed 8960K, reserved 1048576K
}
Event: 1665.920 GC heap before
{Heap before GC invocations=57 (full 3):
 PSYoungGen      total 22016K, used 20727K [0x00000000d5580000, 0x00000000d9a00000, 0x0000000100000000)
  eden space 19968K, 93% used [0x00000000d5580000,0x00000000d67bdfb8,0x00000000d6900000)
  from space 2048K, 100% used [0x00000000d6a00000,0x00000000d6c00000,0x00000000d6c00000)
  to   space 25088K, 0% used [0x00000000d8180000,0x00000000d8180000,0x00000000d9a00000)
 ParOldGen       total 113664K, used 113334K [0x0000000080000000, 0x0000000086f00000, 0x00000000d5580000)
  object space 113664K, 99% used [0x0000000080000000,0x0000000086eadac0,0x0000000086f00000)
 Metaspace       used 73163K, committed 74560K, reserved 1179648K
  class space    used 8355K, committed 8960K, reserved 1048576K
}
Event: 1665.931 GC heap after
{Heap after GC invocations=57 (full 3):
 PSYoungGen      total 37376K, used 17288K [0x00000000d5580000, 0x00000000d9280000, 0x0000000100000000)
  eden space 19968K, 0% used [0x00000000d5580000,0x00000000d5580000,0x00000000d6900000)
  from space 17408K, 99% used [0x00000000d8180000,0x00000000d9262000,0x00000000d9280000)
  to   space 18944K, 0% used [0x00000000d6d80000,0x00000000d6d80000,0x00000000d8000000)
 ParOldGen       total 115712K, used 115446K [0x0000000080000000, 0x0000000087100000, 0x00000000d5580000)
  object space 115712K, 99% used [0x0000000080000000,0x00000000870bdac0,0x0000000087100000)
 Metaspace       used 73163K, committed 74560K, reserved 1179648K
  class space    used 8355K, committed 8960K, reserved 1048576K
}
Event: 1666.338 GC heap before
{Heap before GC invocations=58 (full 3):
 PSYoungGen      total 37376K, used 37256K [0x00000000d5580000, 0x00000000d9280000, 0x0000000100000000)
  eden space 19968K, 100% used [0x00000000d5580000,0x00000000d6900000,0x00000000d6900000)
  from space 17408K, 99% used [0x00000000d8180000,0x00000000d9262000,0x00000000d9280000)
  to   space 18944K, 0% used [0x00000000d6d80000,0x00000000d6d80000,0x00000000d8000000)
 ParOldGen       total 115712K, used 115446K [0x0000000080000000, 0x0000000087100000, 0x00000000d5580000)
  object space 115712K, 99% used [0x0000000080000000,0x00000000870bdac0,0x0000000087100000)
 Metaspace       used 73163K, committed 74560K, reserved 1179648K
  class space    used 8355K, committed 8960K, reserved 1048576K
}
Event: 1666.359 GC heap after
{Heap after GC invocations=58 (full 3):
 PSYoungGen      total 38912K, used 18920K [0x00000000d5580000, 0x00000000db600000, 0x0000000100000000)
  eden space 19968K, 0% used [0x00000000d5580000,0x00000000d5580000,0x00000000d6900000)
  from space 18944K, 99% used [0x00000000d6d80000,0x00000000d7ffa390,0x00000000d8000000)
  to   space 39424K, 0% used [0x00000000d8f80000,0x00000000d8f80000,0x00000000db600000)
 ParOldGen       total 132608K, used 132354K [0x0000000080000000, 0x0000000088180000, 0x00000000d5580000)
  object space 132608K, 99% used [0x0000000080000000,0x0000000088140ac0,0x0000000088180000)
 Metaspace       used 73163K, committed 74560K, reserved 1179648K
  class space    used 8355K, committed 8960K, reserved 1048576K
}
Event: 1720.769 GC heap before
{Heap before GC invocations=59 (full 3):
 PSYoungGen      total 38912K, used 38888K [0x00000000d5580000, 0x00000000db600000, 0x0000000100000000)
  eden space 19968K, 100% used [0x00000000d5580000,0x00000000d6900000,0x00000000d6900000)
  from space 18944K, 99% used [0x00000000d6d80000,0x00000000d7ffa390,0x00000000d8000000)
  to   space 39424K, 0% used [0x00000000d8f80000,0x00000000d8f80000,0x00000000db600000)
 ParOldGen       total 132608K, used 132354K [0x0000000080000000, 0x0000000088180000, 0x00000000d5580000)
  object space 132608K, 99% used [0x0000000080000000,0x0000000088140ac0,0x0000000088180000)
 Metaspace       used 73323K, committed 74752K, reserved 1179648K
  class space    used 8362K, committed 8960K, reserved 1048576K
}
Event: 1720.891 GC heap after
{Heap after GC invocations=59 (full 3):
 PSYoungGen      total 30720K, used 10528K [0x00000000d5580000, 0x00000000d9a00000, 0x0000000100000000)
  eden space 19968K, 0% used [0x00000000d5580000,0x00000000d5580000,0x00000000d6900000)
  from space 10752K, 97% used [0x00000000d8f80000,0x00000000d99c8000,0x00000000d9a00000)
  to   space 19968K, 0% used [0x00000000d7300000,0x00000000d7300000,0x00000000d8680000)
 ParOldGen       total 151552K, used 151411K [0x0000000080000000, 0x0000000089400000, 0x00000000d5580000)
  object space 151552K, 99% used [0x0000000080000000,0x00000000893dce50,0x0000000089400000)
 Metaspace       used 73323K, committed 74752K, reserved 1179648K
  class space    used 8362K, committed 8960K, reserved 1048576K
}
Event: 1793.358 GC heap before
{Heap before GC invocations=60 (full 3):
 PSYoungGen      total 30720K, used 30496K [0x00000000d5580000, 0x00000000d9a00000, 0x0000000100000000)
  eden space 19968K, 100% used [0x00000000d5580000,0x00000000d6900000,0x00000000d6900000)
  from space 10752K, 97% used [0x00000000d8f80000,0x00000000d99c8000,0x00000000d9a00000)
  to   space 19968K, 0% used [0x00000000d7300000,0x00000000d7300000,0x00000000d8680000)
 ParOldGen       total 151552K, used 151411K [0x0000000080000000, 0x0000000089400000, 0x00000000d5580000)
  object space 151552K, 99% used [0x0000000080000000,0x00000000893dce50,0x0000000089400000)
 Metaspace       used 73441K, committed 74880K, reserved 1179648K
  class space    used 8362K, committed 8960K, reserved 1048576K
}
Event: 1793.533 GC heap after
{Heap after GC invocations=60 (full 3):
 PSYoungGen      total 30720K, used 10622K [0x00000000d5580000, 0x00000000d9000000, 0x0000000100000000)
  eden space 19968K, 0% used [0x00000000d5580000,0x00000000d5580000,0x00000000d6900000)
  from space 10752K, 98% used [0x00000000d7300000,0x00000000d7d5fa90,0x00000000d7d80000)
  to   space 12288K, 0% used [0x00000000d8400000,0x00000000d8400000,0x00000000d9000000)
 ParOldGen       total 162304K, used 161899K [0x0000000080000000, 0x0000000089e80000, 0x00000000d5580000)
  object space 162304K, 99% used [0x0000000080000000,0x0000000089e1ae50,0x0000000089e80000)
 Metaspace       used 73441K, committed 74880K, reserved 1179648K
  class space    used 8362K, committed 8960K, reserved 1048576K
}
Event: 1793.975 GC heap before
{Heap before GC invocations=61 (full 3):
 PSYoungGen      total 30720K, used 30590K [0x00000000d5580000, 0x00000000d9000000, 0x0000000100000000)
  eden space 19968K, 100% used [0x00000000d5580000,0x00000000d6900000,0x00000000d6900000)
  from space 10752K, 98% used [0x00000000d7300000,0x00000000d7d5fa90,0x00000000d7d80000)
  to   space 12288K, 0% used [0x00000000d8400000,0x00000000d8400000,0x00000000d9000000)
 ParOldGen       total 162304K, used 161899K [0x0000000080000000, 0x0000000089e80000, 0x00000000d5580000)
  object space 162304K, 99% used [0x0000000080000000,0x0000000089e1ae50,0x0000000089e80000)
 Metaspace       used 73468K, committed 74880K, reserved 1179648K
  class space    used 8362K, committed 8960K, reserved 1048576K
}
Event: 1794.009 GC heap after
{Heap after GC invocations=61 (full 3):
 PSYoungGen      total 26624K, used 12256K [0x00000000d5580000, 0x00000000daa00000, 0x0000000100000000)
  eden space 14336K, 0% used [0x00000000d5580000,0x00000000d5580000,0x00000000d6380000)
  from space 12288K, 99% used [0x00000000d8400000,0x00000000d8ff8020,0x00000000d9000000)
  to   space 33280K, 0% used [0x00000000d6380000,0x00000000d6380000,0x00000000d8400000)
 ParOldGen       total 179712K, used 179442K [0x0000000080000000, 0x000000008af80000, 0x00000000d5580000)
  object space 179712K, 99% used [0x0000000080000000,0x000000008af3c8f0,0x000000008af80000)
 Metaspace       used 73468K, committed 74880K, reserved 1179648K
  class space    used 8362K, committed 8960K, reserved 1048576K
}
Event: 1795.250 GC heap before
{Heap before GC invocations=62 (full 3):
 PSYoungGen      total 26624K, used 25958K [0x00000000d5580000, 0x00000000daa00000, 0x0000000100000000)
  eden space 14336K, 95% used [0x00000000d5580000,0x00000000d62e1850,0x00000000d6380000)
  from space 12288K, 99% used [0x00000000d8400000,0x00000000d8ff8020,0x00000000d9000000)
  to   space 33280K, 0% used [0x00000000d6380000,0x00000000d6380000,0x00000000d8400000)
 ParOldGen       total 179712K, used 179442K [0x0000000080000000, 0x000000008af80000, 0x00000000d5580000)
  object space 179712K, 99% used [0x0000000080000000,0x000000008af3c8f0,0x000000008af80000)
 Metaspace       used 73468K, committed 74880K, reserved 1179648K
  class space    used 8362K, committed 8960K, reserved 1048576K
}
Event: 1795.298 GC heap after
{Heap after GC invocations=62 (full 3):
 PSYoungGen      total 25088K, used 10720K [0x00000000d5580000, 0x00000000d8680000, 0x0000000100000000)
  eden space 14336K, 0% used [0x00000000d5580000,0x00000000d5580000,0x00000000d6380000)
  from space 10752K, 99% used [0x00000000d6380000,0x00000000d6df8000,0x00000000d6e00000)
  to   space 17920K, 0% used [0x00000000d7500000,0x00000000d7500000,0x00000000d8680000)
 ParOldGen       total 192000K, used 191826K [0x0000000080000000, 0x000000008bb80000, 0x00000000d5580000)
  object space 192000K, 99% used [0x0000000080000000,0x000000008bb54910,0x000000008bb80000)
 Metaspace       used 73468K, committed 74880K, reserved 1179648K
  class space    used 8362K, committed 8960K, reserved 1048576K
}
Event: 1795.387 GC heap before
{Heap before GC invocations=63 (full 3):
 PSYoungGen      total 25088K, used 25056K [0x00000000d5580000, 0x00000000d8680000, 0x0000000100000000)
  eden space 14336K, 100% used [0x00000000d5580000,0x00000000d6380000,0x00000000d6380000)
  from space 10752K, 99% used [0x00000000d6380000,0x00000000d6df8000,0x00000000d6e00000)
  to   space 17920K, 0% used [0x00000000d7500000,0x00000000d7500000,0x00000000d8680000)
 ParOldGen       total 192000K, used 191826K [0x0000000080000000, 0x000000008bb80000, 0x00000000d5580000)
  object space 192000K, 99% used [0x0000000080000000,0x000000008bb54910,0x000000008bb80000)
 Metaspace       used 73468K, committed 74880K, reserved 1179648K
  class space    used 8362K, committed 8960K, reserved 1048576K
}
Event: 1795.434 GC heap after
{Heap after GC invocations=63 (full 3):
 PSYoungGen      total 29184K, used 14548K [0x00000000d5580000, 0x00000000d8380000, 0x0000000100000000)
  eden space 14336K, 0% used [0x00000000d5580000,0x00000000d5580000,0x00000000d6380000)
  from space 14848K, 97% used [0x00000000d7500000,0x00000000d8335390,0x00000000d8380000)
  to   space 15872K, 0% used [0x00000000d6480000,0x00000000d6480000,0x00000000d7400000)
 ParOldGen       total 202752K, used 202490K [0x0000000080000000, 0x000000008c600000, 0x00000000d5580000)
  object space 202752K, 99% used [0x0000000080000000,0x000000008c5be910,0x000000008c600000)
 Metaspace       used 73468K, committed 74880K, reserved 1179648K
  class space    used 8362K, committed 8960K, reserved 1048576K
}
Event: 1796.021 GC heap before
{Heap before GC invocations=64 (full 3):
 PSYoungGen      total 29184K, used 28007K [0x00000000d5580000, 0x00000000d8380000, 0x0000000100000000)
  eden space 14336K, 93% used [0x00000000d5580000,0x00000000d62a4b88,0x00000000d6380000)
  from space 14848K, 97% used [0x00000000d7500000,0x00000000d8335390,0x00000000d8380000)
  to   space 15872K, 0% used [0x00000000d6480000,0x00000000d6480000,0x00000000d7400000)
 ParOldGen       total 202752K, used 202490K [0x0000000080000000, 0x000000008c600000, 0x00000000d5580000)
  object space 202752K, 99% used [0x0000000080000000,0x000000008c5be910,0x000000008c600000)
 Metaspace       used 73468K, committed 74880K, reserved 1179648K
  class space    used 8362K, committed 8960K, reserved 1048576K
}
Event: 1796.086 GC heap after
{Heap after GC invocations=64 (full 3):
 PSYoungGen      total 26624K, used 12192K [0x00000000d5580000, 0x00000000d7d80000, 0x0000000100000000)
  eden space 14336K, 0% used [0x00000000d5580000,0x00000000d5580000,0x00000000d6380000)
  from space 12288K, 99% used [0x00000000d6480000,0x00000000d7068000,0x00000000d7080000)
  to   space 13312K, 0% used [0x00000000d7080000,0x00000000d7080000,0x00000000d7d80000)
 ParOldGen       total 218624K, used 218596K [0x0000000080000000, 0x000000008d580000, 0x00000000d5580000)
  object space 218624K, 99% used [0x0000000080000000,0x000000008d579030,0x000000008d580000)
 Metaspace       used 73468K, committed 74880K, reserved 1179648K
  class space    used 8362K, committed 8960K, reserved 1048576K
}
Event: 4394.250 GC heap before
{Heap before GC invocations=65 (full 3):
 PSYoungGen      total 26624K, used 26528K [0x00000000d5580000, 0x00000000d7d80000, 0x0000000100000000)
  eden space 14336K, 100% used [0x00000000d5580000,0x00000000d6380000,0x00000000d6380000)
  from space 12288K, 99% used [0x00000000d6480000,0x00000000d7068000,0x00000000d7080000)
  to   space 13312K, 0% used [0x00000000d7080000,0x00000000d7080000,0x00000000d7d80000)
 ParOldGen       total 218624K, used 218596K [0x0000000080000000, 0x000000008d580000, 0x00000000d5580000)
  object space 218624K, 99% used [0x0000000080000000,0x000000008d579030,0x000000008d580000)
 Metaspace       used 73591K, committed 75008K, reserved 1179648K
  class space    used 8366K, committed 8960K, reserved 1048576K
}
Event: 4394.442 GC heap after
{Heap after GC invocations=65 (full 3):
 PSYoungGen      total 16896K, used 2112K [0x00000000d5580000, 0x00000000d7300000, 0x0000000100000000)
  eden space 14336K, 0% used [0x00000000d5580000,0x00000000d5580000,0x00000000d6380000)
  from space 2560K, 82% used [0x00000000d7080000,0x00000000d7290000,0x00000000d7300000)
  to   space 6144K, 0% used [0x00000000d6700000,0x00000000d6700000,0x00000000d6d00000)
 ParOldGen       total 229888K, used 229412K [0x0000000080000000, 0x000000008e080000, 0x00000000d5580000)
  object space 229888K, 99% used [0x0000000080000000,0x000000008e009030,0x000000008e080000)
 Metaspace       used 73591K, committed 75008K, reserved 1179648K
  class space    used 8366K, committed 8960K, reserved 1048576K
}

